<?xml version="1.0" encoding="UTF-8"?>
<!-- Generated by org.testng.reporters.JUnitXMLReporter -->
<testsuite hostname="DESKTOP-RB81OP1" ignored="0" name="Test" tests="4" failures="0" timestamp="2021-07-06T14:36:05 IST" time="28.828" errors="0">
  <testcase name="testthree" time="7.521" classname="test.ThreeTest"/>
  <testcase name="login" time="4.07" classname="test.LoginTest"/>
  <testcase name="testtwo" time="5.862" classname="test.TwoTest"/>
  <testcase name="testfour" time="6.489" classname="test.FourTest"/>
</testsuite> <!-- Test -->
